<?xml version="1.0" encoding="UTF-8"?>
<testng-results skipped="0" failed="0" ignored="0" total="1" passed="1">
  <reporter-output>
  </reporter-output>
  <suite name="Command line suite" duration-ms="54129" started-at="2019-03-12T04:01:19Z" finished-at="2019-03-12T04:02:13Z">
    <groups>
      <group name="cucumber">
        <method signature="AbstractTestNGCucumberTests.feature(cucumber.api.testng.CucumberFeatureWrapper)[pri:0, instance:com.Stepdef.CucumberRunner_Test@64616ca2]" name="feature" class="cucumber.api.testng.AbstractTestNGCucumberTests"/>
      </group> <!-- cucumber -->
    </groups>
    <test name="Command line test" duration-ms="54129" started-at="2019-03-12T04:01:19Z" finished-at="2019-03-12T04:02:13Z">
      <class name="com.Stepdef.CucumberRunner_Test">
        <test-method status="PASS" signature="setUpClass()[pri:0, instance:com.Stepdef.CucumberRunner_Test@64616ca2]" name="setUpClass" is-config="true" duration-ms="334" started-at="2019-03-12T04:01:19Z" finished-at="2019-03-12T04:01:20Z">
          <reporter-output>
          </reporter-output>
        </test-method> <!-- setUpClass -->
        <test-method status="PASS" signature="startTest()[pri:0, instance:com.Stepdef.CucumberRunner_Test@64616ca2]" name="startTest" is-config="true" duration-ms="8708" started-at="2019-03-12T04:01:20Z" finished-at="2019-03-12T04:01:28Z">
          <reporter-output>
          </reporter-output>
        </test-method> <!-- startTest -->
        <test-method status="PASS" signature="feature(cucumber.api.testng.CucumberFeatureWrapper)[pri:0, instance:com.Stepdef.CucumberRunner_Test@64616ca2]" name="feature" duration-ms="44593" started-at="2019-03-12T04:01:29Z" description="Runs Cucumber Feature" data-provider="features" finished-at="2019-03-12T04:02:13Z">
          <params>
            <param index="0">
              <value>
                <![CDATA[Access tatoc webpage.]]>
              </value>
            </param>
          </params>
          <reporter-output>
          </reporter-output>
        </test-method> <!-- feature -->
        <test-method status="PASS" signature="after()[pri:0, instance:com.Stepdef.CucumberRunner_Test@64616ca2]" name="after" is-config="true" duration-ms="82" started-at="2019-03-12T04:02:13Z" finished-at="2019-03-12T04:02:13Z">
          <reporter-output>
          </reporter-output>
        </test-method> <!-- after -->
        <test-method status="PASS" signature="tearDownClass()[pri:0, instance:com.Stepdef.CucumberRunner_Test@64616ca2]" name="tearDownClass" is-config="true" duration-ms="82" started-at="2019-03-12T04:02:13Z" finished-at="2019-03-12T04:02:13Z">
          <reporter-output>
          </reporter-output>
        </test-method> <!-- tearDownClass -->
      </class> <!-- com.Stepdef.CucumberRunner_Test -->
    </test> <!-- Command line test -->
  </suite> <!-- Command line suite -->
</testng-results>
